2021-10-20T18:37:22+00:00 CRITICAL Uncaught Error: Cannot use object of type WC_Cart as array in D:\OpenServer\domains\behandler\wp-content\themes\brikk-child\woocommerce\checkout\form-checkout.php:22
Stack trace:
#0 D:\OpenServer\domains\behandler\wp-content\plugins\woocommerce\includes\wc-core-functions.php(345): include()
#1 D:\OpenServer\domains\behandler\wp-content\plugins\woocommerce\includes\shortcodes\class-wc-shortcode-checkout.php(293): wc_get_template()
#2 D:\OpenServer\domains\behandler\wp-content\plugins\woocommerce\includes\shortcodes\class-wc-shortcode-checkout.php(67): WC_Shortcode_Checkout::checkout()
#3 D:\OpenServer\domains\behandler\wp-content\plugins\woocommerce\includes\class-wc-shortcodes.php(72): WC_Shortcode_Checkout::output()
#4 D:\OpenServer\domains\behandler\wp-content\plugins\woocommerce\includes\class-wc-shortcodes.php(95): WC_Shortcodes::shortcode_wrapper()
#5 D:\OpenServer\domains\behandler\wp-includes\shortcodes.php(356): WC_Shortcodes::checkout()
#6 [internal function]: do_shortcode_tag()
#7 D:\OpenServer\doma у D:\OpenServer\domains\behandler\wp-content\themes\brikk-child\woocommerce\checkout\form-checkout.php доступно 22

2021-10-20T18:37:53+00:00 CRITICAL Uncaught Error: Cannot use object of type WC_Cart as array in D:\OpenServer\domains\behandler\wp-content\themes\brikk-child\woocommerce\checkout\form-checkout.php:22
Stack trace:
#0 D:\OpenServer\domains\behandler\wp-content\plugins\woocommerce\includes\wc-core-functions.php(345): include()
#1 D:\OpenServer\domains\behandler\wp-content\plugins\woocommerce\includes\shortcodes\class-wc-shortcode-checkout.php(293): wc_get_template()
#2 D:\OpenServer\domains\behandler\wp-content\plugins\woocommerce\includes\shortcodes\class-wc-shortcode-checkout.php(67): WC_Shortcode_Checkout::checkout()
#3 D:\OpenServer\domains\behandler\wp-content\plugins\woocommerce\includes\class-wc-shortcodes.php(72): WC_Shortcode_Checkout::output()
#4 D:\OpenServer\domains\behandler\wp-content\plugins\woocommerce\includes\class-wc-shortcodes.php(95): WC_Shortcodes::shortcode_wrapper()
#5 D:\OpenServer\domains\behandler\wp-includes\shortcodes.php(356): WC_Shortcodes::checkout()
#6 [internal function]: do_shortcode_tag()
#7 D:\OpenServer\doma у D:\OpenServer\domains\behandler\wp-content\themes\brikk-child\woocommerce\checkout\form-checkout.php доступно 22

2021-10-20T18:38:56+00:00 CRITICAL Uncaught Error: Call to undefined function WC_Cart() in D:\OpenServer\domains\behandler\wp-content\themes\brikk-child\woocommerce\checkout\form-checkout.php:23
Stack trace:
#0 D:\OpenServer\domains\behandler\wp-content\plugins\woocommerce\includes\wc-core-functions.php(345): include()
#1 D:\OpenServer\domains\behandler\wp-content\plugins\woocommerce\includes\shortcodes\class-wc-shortcode-checkout.php(293): wc_get_template()
#2 D:\OpenServer\domains\behandler\wp-content\plugins\woocommerce\includes\shortcodes\class-wc-shortcode-checkout.php(67): WC_Shortcode_Checkout::checkout()
#3 D:\OpenServer\domains\behandler\wp-content\plugins\woocommerce\includes\class-wc-shortcodes.php(72): WC_Shortcode_Checkout::output()
#4 D:\OpenServer\domains\behandler\wp-content\plugins\woocommerce\includes\class-wc-shortcodes.php(95): WC_Shortcodes::shortcode_wrapper()
#5 D:\OpenServer\domains\behandler\wp-includes\shortcodes.php(356): WC_Shortcodes::checkout()
#6 [internal function]: do_shortcode_tag()
#7 D:\OpenServer\domains\be у D:\OpenServer\domains\behandler\wp-content\themes\brikk-child\woocommerce\checkout\form-checkout.php доступно 23

2021-10-20T18:39:15+00:00 CRITICAL Uncaught Error: Object of class WC_Cart could not be converted to string in D:\OpenServer\domains\behandler\wp-content\themes\brikk-child\woocommerce\checkout\form-checkout.php:22
Stack trace:
#0 D:\OpenServer\domains\behandler\wp-content\plugins\woocommerce\includes\wc-core-functions.php(345): include()
#1 D:\OpenServer\domains\behandler\wp-content\plugins\woocommerce\includes\shortcodes\class-wc-shortcode-checkout.php(293): wc_get_template()
#2 D:\OpenServer\domains\behandler\wp-content\plugins\woocommerce\includes\shortcodes\class-wc-shortcode-checkout.php(67): WC_Shortcode_Checkout::checkout()
#3 D:\OpenServer\domains\behandler\wp-content\plugins\woocommerce\includes\class-wc-shortcodes.php(72): WC_Shortcode_Checkout::output()
#4 D:\OpenServer\domains\behandler\wp-content\plugins\woocommerce\includes\class-wc-shortcodes.php(95): WC_Shortcodes::shortcode_wrapper()
#5 D:\OpenServer\domains\behandler\wp-includes\shortcodes.php(356): WC_Shortcodes::checkout()
#6 [internal function]: do_shortcode_tag()
#7 D:\O у D:\OpenServer\domains\behandler\wp-content\themes\brikk-child\woocommerce\checkout\form-checkout.php доступно 22

2021-10-20T18:48:11+00:00 CRITICAL Uncaught Error: Function name must be a string in D:\OpenServer\domains\behandler\wp-content\themes\brikk-child\woocommerce\checkout\form-checkout.php:24
Stack trace:
#0 D:\OpenServer\domains\behandler\wp-content\plugins\woocommerce\includes\wc-core-functions.php(345): include()
#1 D:\OpenServer\domains\behandler\wp-content\plugins\woocommerce\includes\shortcodes\class-wc-shortcode-checkout.php(293): wc_get_template()
#2 D:\OpenServer\domains\behandler\wp-content\plugins\woocommerce\includes\shortcodes\class-wc-shortcode-checkout.php(67): WC_Shortcode_Checkout::checkout()
#3 D:\OpenServer\domains\behandler\wp-content\plugins\woocommerce\includes\class-wc-shortcodes.php(72): WC_Shortcode_Checkout::output()
#4 D:\OpenServer\domains\behandler\wp-content\plugins\woocommerce\includes\class-wc-shortcodes.php(95): WC_Shortcodes::shortcode_wrapper()
#5 D:\OpenServer\domains\behandler\wp-includes\shortcodes.php(356): WC_Shortcodes::checkout()
#6 [internal function]: do_shortcode_tag()
#7 D:\OpenServer\domains\behandle у D:\OpenServer\domains\behandler\wp-content\themes\brikk-child\woocommerce\checkout\form-checkout.php доступно 24

2021-10-20T18:50:43+00:00 CRITICAL Uncaught Error: Call to a member function get_cart() on null in D:\OpenServer\domains\behandler\wp-content\themes\brikk-child\woocommerce\checkout\form-checkout.php:24
Stack trace:
#0 D:\OpenServer\domains\behandler\wp-content\plugins\woocommerce\includes\wc-core-functions.php(345): include()
#1 D:\OpenServer\domains\behandler\wp-content\plugins\woocommerce\includes\shortcodes\class-wc-shortcode-checkout.php(293): wc_get_template()
#2 D:\OpenServer\domains\behandler\wp-content\plugins\woocommerce\includes\shortcodes\class-wc-shortcode-checkout.php(67): WC_Shortcode_Checkout::checkout()
#3 D:\OpenServer\domains\behandler\wp-content\plugins\woocommerce\includes\class-wc-shortcodes.php(72): WC_Shortcode_Checkout::output()
#4 D:\OpenServer\domains\behandler\wp-content\plugins\woocommerce\includes\class-wc-shortcodes.php(95): WC_Shortcodes::shortcode_wrapper()
#5 D:\OpenServer\domains\behandler\wp-includes\shortcodes.php(356): WC_Shortcodes::checkout()
#6 [internal function]: do_shortcode_tag()
#7 D:\OpenServer\do у D:\OpenServer\domains\behandler\wp-content\themes\brikk-child\woocommerce\checkout\form-checkout.php доступно 24

2021-10-20T18:58:07+00:00 CRITICAL Uncaught Error: Call to a member function get_cart() on null in D:\OpenServer\domains\behandler\wp-content\themes\brikk-child\woocommerce\checkout\form-checkout.php:23
Stack trace:
#0 D:\OpenServer\domains\behandler\wp-content\plugins\woocommerce\includes\wc-core-functions.php(345): include()
#1 D:\OpenServer\domains\behandler\wp-content\plugins\woocommerce\includes\shortcodes\class-wc-shortcode-checkout.php(293): wc_get_template()
#2 D:\OpenServer\domains\behandler\wp-content\plugins\woocommerce\includes\shortcodes\class-wc-shortcode-checkout.php(67): WC_Shortcode_Checkout::checkout()
#3 D:\OpenServer\domains\behandler\wp-content\plugins\woocommerce\includes\class-wc-shortcodes.php(72): WC_Shortcode_Checkout::output()
#4 D:\OpenServer\domains\behandler\wp-content\plugins\woocommerce\includes\class-wc-shortcodes.php(95): WC_Shortcodes::shortcode_wrapper()
#5 D:\OpenServer\domains\behandler\wp-includes\shortcodes.php(356): WC_Shortcodes::checkout()
#6 [internal function]: do_shortcode_tag()
#7 D:\OpenServer\do у D:\OpenServer\domains\behandler\wp-content\themes\brikk-child\woocommerce\checkout\form-checkout.php доступно 23

2021-10-20T19:27:56+00:00 CRITICAL Uncaught Error: Call to undefined method WC_Product_Listing_Plan::the_title() in D:\OpenServer\domains\behandler\wp-content\themes\brikk-child\woocommerce\checkout\form-checkout.php:45
Stack trace:
#0 D:\OpenServer\domains\behandler\wp-content\plugins\woocommerce\includes\wc-core-functions.php(345): include()
#1 D:\OpenServer\domains\behandler\wp-content\plugins\woocommerce\includes\shortcodes\class-wc-shortcode-checkout.php(293): wc_get_template()
#2 D:\OpenServer\domains\behandler\wp-content\plugins\woocommerce\includes\shortcodes\class-wc-shortcode-checkout.php(67): WC_Shortcode_Checkout::checkout()
#3 D:\OpenServer\domains\behandler\wp-content\plugins\woocommerce\includes\class-wc-shortcodes.php(72): WC_Shortcode_Checkout::output()
#4 D:\OpenServer\domains\behandler\wp-content\plugins\woocommerce\includes\class-wc-shortcodes.php(95): WC_Shortcodes::shortcode_wrapper()
#5 D:\OpenServer\domains\behandler\wp-includes\shortcodes.php(356): WC_Shortcodes::checkout()
#6 [internal function]: do_shortcode_tag()
#7 у D:\OpenServer\domains\behandler\wp-content\themes\brikk-child\woocommerce\checkout\form-checkout.php доступно 45

